<?xml version="1.0" encoding="UTF-8"?>
<!-- Generated by org.testng.reporters.JUnitReportReporter -->
<testsuite skipped="0" hostname="PratikP" name="com.practice.TestNG_EX2" tests="6" failures="0" timestamp="29 Nov 2023 19:07:03 GMT" time="0.018" errors="0">
  <testcase name="user" time="0.004" classname="com.practice.TestNG_EX2"/>
  <testcase name="login" time="0.002" classname="com.practice.TestNG_EX2"/>
  <testcase name="logout" time="0.002" classname="com.practice.TestNG_EX2"/>
  <testcase name="name" time="0.002" classname="com.practice.TestNG_EX2"/>
  <testcase name="downloads" time="0.005" classname="com.practice.TestNG_EX2"/>
  <testcase name="dash" time="0.003" classname="com.practice.TestNG_EX2"/>
</testsuite> <!-- com.practice.TestNG_EX2 -->
