<?xml version="1.0" encoding="UTF-8"?>
<!-- Generated by org.testng.reporters.JUnitReportReporter -->
<testsuite skipped="0" hostname="PratikP" name="com.tka.apachipoi.WriteMultipleDataInExcel$ExcelWrite" tests="1" failures="0" timestamp="09 Nov 2023 07:21:09 GMT" time="1.067" errors="0">
  <testcase name="test01" time="1.067" classname="com.tka.apachipoi.WriteMultipleDataInExcel$ExcelWrite"/>
</testsuite> <!-- com.tka.apachipoi.WriteMultipleDataInExcel$ExcelWrite -->
