<?xml version="1.0" encoding="UTF-8"?>
<!-- Generated by org.testng.reporters.JUnitReportReporter -->
<testsuite skipped="0" hostname="PratikP" name="com.tka.apachipoi.WriteDataInExcel" tests="1" failures="0" timestamp="09 Nov 2023 07:06:32 GMT" time="0.961" errors="0">
  <testcase name="writeData" time="0.961" classname="com.tka.apachipoi.WriteDataInExcel"/>
</testsuite> <!-- com.tka.apachipoi.WriteDataInExcel -->
