<?xml version="1.0" encoding="UTF-8"?>
<!-- Generated by org.testng.reporters.JUnitReportReporter -->
<testsuite skipped="0" hostname="PratikP" name="com.practice.TestNG_EX" tests="6" failures="0" timestamp="29 Nov 2023 19:46:35 GMT" time="10.384" errors="0">
  <testcase name="logout" time="1.431" classname="com.practice.TestNG_EX"/>
  <testcase name="login" time="1.481" classname="com.practice.TestNG_EX"/>
  <testcase name="downloads" time="1.455" classname="com.practice.TestNG_EX"/>
  <testcase name="user" time="1.561" classname="com.practice.TestNG_EX"/>
  <testcase name="dash" time="2.912" classname="com.practice.TestNG_EX"/>
  <testcase name="name" time="1.544" classname="com.practice.TestNG_EX"/>
</testsuite> <!-- com.practice.TestNG_EX -->
