<?xml version="1.0" encoding="UTF-8"?>
<!-- Generated by org.testng.reporters.JUnitReportReporter -->
<testsuite skipped="0" hostname="PratikP" name="com.tka.javascriptexecutor.ScrollPractice" tests="1" failures="0" timestamp="07 Nov 2023 11:25:32 GMT" time="10.507" errors="0">
  <testcase name="scrollPage" time="10.507" classname="com.tka.javascriptexecutor.ScrollPractice"/>
</testsuite> <!-- com.tka.javascriptexecutor.ScrollPractice -->
