<?xml version="1.0" encoding="UTF-8"?>
<!-- Generated by org.testng.reporters.JUnitReportReporter -->
<testsuite skipped="0" hostname="PratikP" name="com.tests.LoginTest" tests="1" failures="0" timestamp="03 Dec 2023 13:43:03 GMT" time="0.579" errors="0">
  <testcase name="test01" time="0.579" classname="com.tests.LoginTest"/>
</testsuite> <!-- com.tests.LoginTest -->
