<?xml version="1.0" encoding="UTF-8"?>
<!-- Generated by org.testng.reporters.JUnitReportReporter -->
<testsuite skipped="0" hostname="PratikP" name="com.tka.autoIT.FileUpload" tests="1" failures="0" timestamp="06 Nov 2023 12:13:35 GMT" time="19.765" errors="0">
  <testcase name="fileUploadUsingAutoIT" time="19.765" classname="com.tka.autoIT.FileUpload"/>
</testsuite> <!-- com.tka.autoIT.FileUpload -->
