<?xml version="1.0" encoding="UTF-8"?>
<!-- Generated by org.testng.reporters.JUnitReportReporter -->
<testsuite skipped="0" hostname="PratikP" name="com.tka.javascriptexecutor.ScrollJavaScript" tests="1" failures="0" timestamp="07 Nov 2023 11:07:10 GMT" time="10.353" errors="0">
  <testcase name="scrollTestCase" time="10.353" classname="com.tka.javascriptexecutor.ScrollJavaScript"/>
</testsuite> <!-- com.tka.javascriptexecutor.ScrollJavaScript -->
