<?xml version="1.0" encoding="UTF-8"?>
<!-- Generated by org.testng.reporters.JUnitReportReporter -->
<testsuite skipped="0" hostname="PratikP" name="com.jbk.windohandles.HandlesMultipleWindowTask" tests="1" failures="0" timestamp="24 Nov 2023 18:28:27 GMT" time="11.414" errors="0">
  <testcase name="TaskMultipleWindowHandle" time="11.414" classname="com.jbk.windohandles.HandlesMultipleWindowTask"/>
</testsuite> <!-- com.jbk.windohandles.HandlesMultipleWindowTask -->
