<?xml version="1.0" encoding="UTF-8"?>
<!-- Generated by org.testng.reporters.JUnitReportReporter -->
<testsuite skipped="0" hostname="PratikP" name="com.tka.apachipoi.ReadMultipleDataTask" tests="1" failures="0" timestamp="16 Nov 2023 04:25:07 GMT" time="12.265" errors="0">
  <testcase name="Login" time="12.265" classname="com.tka.apachipoi.ReadMultipleDataTask"/>
</testsuite> <!-- com.tka.apachipoi.ReadMultipleDataTask -->
