<?xml version="1.0" encoding="UTF-8"?>
<!-- Generated by org.testng.reporters.JUnitReportReporter -->
<testsuite skipped="0" hostname="PratikP" name="com.tka.apachipoi.ReadWriteDataTask" tests="1" failures="0" timestamp="22 Nov 2023 13:02:28 GMT" time="12.358" errors="0">
  <testcase name="readData" time="12.358" classname="com.tka.apachipoi.ReadWriteDataTask"/>
</testsuite> <!-- com.tka.apachipoi.ReadWriteDataTask -->
