<?xml version="1.0" encoding="UTF-8"?>
<!-- Generated by org.testng.reporters.JUnitReportReporter -->
<testsuite skipped="0" hostname="PratikP" name="com.tka.apachipoi.ExcelReadWithApachepoi" tests="2" failures="0" timestamp="08 Nov 2023 09:33:31 GMT" time="13.170" errors="0">
  <testcase name="Login" time="13.150" classname="com.tka.apachipoi.ExcelReadWithApachepoi"/>
  <testcase name="readExcelData" time="0.020" classname="com.tka.apachipoi.ExcelReadWithApachepoi"/>
</testsuite> <!-- com.tka.apachipoi.ExcelReadWithApachepoi -->
