<?xml version="1.0" encoding="UTF-8"?>
<!-- Generated by org.testng.reporters.JUnitReportReporter -->
<testsuite skipped="0" hostname="PratikP" name="com.jbk.frameshandle.FrameHandling" tests="1" failures="0" timestamp="08 Dec 2023 08:55:14 GMT" time="12.398" errors="0">
  <testcase name="frameHandleTestCase" time="12.398" classname="com.jbk.frameshandle.FrameHandling"/>
</testsuite> <!-- com.jbk.frameshandle.FrameHandling -->
